make --dry-run --keep-going --print-directory
make: Entering directory `/Users/jmacmill/Desktop/intra'
mkdir -p ./build/
make -C ./libft/
gcc -I./libft/ -I./inc/ -Wall -Werror -Wextra -g -o build/error.o -c src/error.c
gcc -I./libft/ -I./inc/ -Wall -Werror -Wextra -g -o build/get_next_line.o -c src/get_next_line.c
gcc -I./libft/ -I./inc/ -Wall -Werror -Wextra -g -o build/init.o -c src/init.c
gcc -I./libft/ -I./inc/ -Wall -Werror -Wextra -g -o build/key_hooks.o -c src/key_hooks.c
gcc -I./libft/ -I./inc/ -Wall -Werror -Wextra -g -o build/main.o -c src/main.c
gcc -I./libft/ -I./inc/ -Wall -Werror -Wextra -g -o build/move.o -c src/move.c
gcc -I./libft/ -I./inc/ -Wall -Werror -Wextra -g -o build/parse_check.o -c src/parse_check.c
gcc -I./libft/ -I./inc/ -Wall -Werror -Wextra -g -o build/parse_color.o -c src/parse_color.c
gcc -I./libft/ -I./inc/ -Wall -Werror -Wextra -g -o build/parse_create_map.o -c src/parse_create_map.c
gcc -I./libft/ -I./inc/ -Wall -Werror -Wextra -g -o build/parse_data.o -c src/parse_data.c
gcc -I./libft/ -I./inc/ -Wall -Werror -Wextra -g -o build/parse_init.o -c src/parse_init.c
gcc -I./libft/ -I./inc/ -Wall -Werror -Wextra -g -o build/parse_read_file.o -c src/parse_read_file.c
gcc -I./libft/ -I./inc/ -Wall -Werror -Wextra -g -o build/raycaster.o -c src/raycaster.c
gcc -I./libft/ -I./inc/ -Wall -Werror -Wextra -g -o build/texture.o -c src/texture.c
gcc -I./libft/ -I./inc/ -Wall -Werror -Wextra -g -o build/utils.o -c src/utils.c
 
gcc -g -o cub3d ./build/error.o ./build/get_next_line.o ./build/init.o ./build/key_hooks.o ./build/main.o ./build/move.o ./build/parse_check.o ./build/parse_color.o ./build/parse_create_map.o ./build/parse_data.o ./build/parse_init.o ./build/parse_read_file.o ./build/raycaster.o ./build/texture.o ./build/utils.o ./libft/libft.a ./minilibx_macos/libmlx.a -framework OpenGL -framework AppKit
make: Leaving directory `/Users/jmacmill/Desktop/intra'
 
