make all --print-data-base --no-builtin-variables --no-builtin-rules --question
# GNU Make 3.81
# Copyright (C) 2006  Free Software Foundation, Inc.
# This is free software; see the source for copying conditions.
# There is NO warranty; not even for MERCHANTABILITY or FITNESS FOR A
# PARTICULAR PURPOSE.

# This program built for i386-apple-darwin11.3.0
 

# Make data base, printed on Wed Mar 23 20:23:07 2022

# Variables

 
# automatic
<D = $(patsubst %/,%,$(dir $<))
# automatic
?F = $(notdir $?)
# makefile (from `Makefile', line 8)
OBJ = $(SRC:.c=.o)
# makefile (from `Makefile', line 7)
SRC = $(addprefix $(SRCDIR), $(SRCNAMES))
# environment
VSCODE_LOG_NATIVE = false
# automatic
?D = $(patsubst %/,%,$(dir $?))
# automatic
@D = $(patsubst %/,%,$(dir $@))
# automatic
@F = $(notdir $@)
# makefile
CURDIR := /Users/jmacmill/Desktop/aaa
# makefile
SHELL = /bin/sh
# environment
VSCODE_NLS_CONFIG = {"locale":"en-us","availableLanguages":{},"_languagePackSupport":true}
# makefile (from `Makefile', line 18)
MLX = ./minilibx_macos/libmlx.a
# environment
_ = /usr/bin/make
# makefile (from `Makefile', line 22)
CFLAGS = -Wall -Werror -Wextra
# makefile (from `Makefile', line 1)
MAKEFILE_LIST :=  Makefile
# makefile (from `Makefile', line 6)
SRCNAMES = $(shell ls $(SRCDIR) | grep -E ".+\.c")
# makefile (from `Makefile', line 25)
DEBUG = -g
# environment
VSCODE_VERBOSE_LOGGING = true
# makefile (from `Makefile', line 10)
BUILDDIR = ./build/
# environment
VSCODE_IPC_HOOK_EXTHOST = /var/folders/zz/zyxvpxvq6csfxvn_n0001w90000g28/T/vscode-ipc-dd401bb5-8443-4f54-9f4a-0f4aef572366.sock
# environment
VSCODE_CWD = /
# environment
Apple_PubSub_Socket_Render = /private/tmp/com.apple.launchd.56M35fqhd5/Render
# environment
PATH = /Users/jmacmill/.brew/bin:/usr/local/bin:/usr/bin:/bin:/usr/sbin:/sbin:/usr/local/share/dotnet:/usr/local/munki:/opt/X11/bin:~/.dotnet/tools
# environment
VSCODE_LOG_STACK = false
# environment
ELECTRON_RUN_AS_NODE = 1
# default
.FEATURES := target-specific order-only second-expansion else-if archives jobserver check-symlink
# environment
SSH_AUTH_SOCK = /private/tmp/com.apple.launchd.kxRdmrZ33h/Listeners
# makefile (from `Makefile', line 5)
SRCDIR = ./src/
# automatic
%F = $(notdir $%)
# environment
HOMEBREW_TEMP = /tmp/jmacmill/Homebrew/Temp
# environment
DISPLAY = /private/tmp/com.apple.launchd.cYkFVctyId/org.xquartz:0
# environment
VSCODE_PIPE_LOGGING = true
# environment
PWD = /Users/jmacmill/Desktop/aaa
# environment
ORIGINAL_XDG_CURRENT_DESKTOP = undefined
# environment
VSCODE_AMD_ENTRYPOINT = vs/workbench/services/extensions/node/extensionHostProcess
# environment
HOME = /Users/jmacmill
# default
MAKEFILEPATH := /Applications/Xcode.app/Contents/Developer/Makefiles
# environment
VSCODE_CODE_CACHE_PATH = /Users/jmacmill/Library/Application Support/Code/CachedData/f80445acd5a3dadef24aa209168452a3d97cc326
# environment
LOGNAME = jmacmill
# environment
APPLICATION_INSIGHTS_NO_DIAGNOSTIC_CHANNEL = 1
# environment
VSCODE_HANDLES_UNCAUGHT_ERRORS = true
# automatic
^D = $(patsubst %/,%,$(dir $^))
# makefile (from `Makefile', line 12)
FLAGS_MAC = -framework OpenGL -framework AppKit
# environment
XPC_FLAGS = 0x0
# default
MAKE = $(MAKE_COMMAND)
# default
MAKECMDGOALS := all
# environment
HOMEBREW_CACHE = /tmp/jmacmill/Homebrew/Caches
# environment
SHLVL = 1
# makefile (from `Makefile', line 16)
LIBFT = ./libft/libft.a
# makefile (from `Makefile', line 21)
CC = gcc
# default
MAKE_VERSION := 3.81
# environment
USER = jmacmill
# makefile
.DEFAULT_GOAL := all
# makefile (from `Makefile', line 2)
NAME = cub3d
# automatic
%D = $(patsubst %/,%,$(dir $%))
# default
MAKE_COMMAND := /Applications/Xcode.app/Contents/Developer/usr/bin/make
# makefile (from `Makefile', line 9)
INC = ./inc/
# makefile (from `Makefile', line 15)
LIBDIR = ./libft/
# default
.VARIABLES := 
# environment
TMPDIR = /var/folders/zz/zyxvpxvq6csfxvn_n0001w90000g28/T/
# automatic
*F = $(notdir $*)
# environment
VSCODE_IPC_HOOK = /Users/jmacmill/Library/Application Support/Code/1.64.2-main.sock
# makefile
MAKEFLAGS = Rrqp
# makefile (from `Makefile', line 11)
BUILDOBJS = $(addprefix $(BUILDDIR), $(SRCNAMES:.c=.o))
# environment
MFLAGS = -Rrqp
# automatic
*D = $(patsubst %/,%,$(dir $*))
# environment
XPC_SERVICE_NAME = com.microsoft.VSCode.1252
# automatic
+D = $(patsubst %/,%,$(dir $+))
# automatic
+F = $(notdir $+)
# environment
__CF_USER_TEXT_ENCODING = 0x3C48:0x0:0x0
# default
MAKEFILES := 
# automatic
<F = $(notdir $<)
# environment
LC_ALL = C
# automatic
^F = $(notdir $^)
# default
SUFFIXES := 
# default
.INCLUDE_DIRS = /usr/local/include
# environment
MAKELEVEL := 0
# makefile (from `Makefile', line 17)
LIBINC = ./libft/
# environment
LANG = C
# environment
VSCODE_PID = 85953
# variable set hash-table stats:
# Load=80/1024=8%, Rehash=0, Collisions=2/124=2%

# Pattern-specific Variable Values

# No pattern-specific variable values.

# Directories

# . (device 16777227, inode 604577): 13 files, no impossibilities.
# ./src (device 16777227, inode 604798): 10 files, no impossibilities so far.
# src (device 16777227, inode 604798): 10 files, no impossibilities so far.

# 33 files, no impossibilities in 3 directories.

# Implicit Rules

build/%.o: ./src/%.c
#  commands to execute (from `Makefile', line 36):
	$(CC) -I$(LIBINC) -I$(INC) $(CFLAGS) -g -o $@ -c $<
	

# 1 implicit rules, 0 (0.0%) terminal.

# Files

build/parse_check.o: src/parse_check.c
#  Implicit rule search has been done.
#  Implicit/static pattern stem: `parse_check'
#  Last modified 2022-03-23 20:22:49
#  File has been updated.
#  Successfully updated.
# variable set hash-table stats:
# Load=0/32=0%, Rehash=0, Collisions=0/0=0%
#  commands to execute (from `Makefile', line 36):
	$(CC) -I$(LIBINC) -I$(INC) $(CFLAGS) -g -o $@ -c $<
	

build/get_next_line.o: src/get_next_line.c
#  Implicit rule search has been done.
#  Implicit/static pattern stem: `get_next_line'
#  Last modified 2022-03-23 20:22:48
#  File has been updated.
#  Successfully updated.
# variable set hash-table stats:
# Load=0/32=0%, Rehash=0, Collisions=0/0=0%
#  commands to execute (from `Makefile', line 36):
	$(CC) -I$(LIBINC) -I$(INC) $(CFLAGS) -g -o $@ -c $<
	

build/main.o: src/main.c
#  Implicit rule search has been done.
#  Implicit/static pattern stem: `main'
#  Last modified 2022-03-23 20:22:49
#  File has been updated.
#  Successfully updated.
# variable set hash-table stats:
# Load=0/32=0%, Rehash=0, Collisions=0/0=0%
#  commands to execute (from `Makefile', line 36):
	$(CC) -I$(LIBINC) -I$(INC) $(CFLAGS) -g -o $@ -c $<
	
 

# Not a target:
src/parse_color.c:
#  Implicit rule search has been done.
#  Last modified 2022-03-23 20:20:45
#  File has been updated.
#  Successfully updated.
# variable set hash-table stats:
# Load=0/32=0%, Rehash=0, Collisions=0/0=0%

build/error.o: src/error.c
#  Implicit rule search has been done.
#  Implicit/static pattern stem: `error'
#  Last modified 2022-03-23 20:22:48
#  File has been updated.
#  Successfully updated.
# variable set hash-table stats:
# Load=0/32=0%, Rehash=0, Collisions=0/0=0%
#  commands to execute (from `Makefile', line 36):
	$(CC) -I$(LIBINC) -I$(INC) $(CFLAGS) -g -o $@ -c $<
	

all: build/ libft/libft.a cub3d
#  Phony target (prerequisite of .PHONY).
#  Command-line target.
#  Implicit rule search has not been done.
#  File does not exist.
#  File has been updated.
#  Needs to be updated (-q is set).
# variable set hash-table stats:
# Load=0/32=0%, Rehash=0, Collisions=0/6=0%

# Not a target:
build/parse_utils.o:
#  Implicit rule search has not been done.
#  Modification time never checked.
#  File has not been updated.

.PHONY: all fclean clean re
#  Implicit rule search has not been done.
#  Modification time never checked.
#  File has not been updated.

cub3d: build/error.o build/get_next_line.o build/init.o build/key_hooks.o build/main.o build/move.o build/parse_check.o build/parse_color.o build/parse_create_map.o build/parse_data.o build/parse_init.o build/parse_read_file.o build/parse_utils.o build/raycaster.o build/texture.o build/utils.o
#  Implicit rule search has not been done.
#  File does not exist.
#  File has been updated.
#  Needs to be updated (-q is set).
# variable set hash-table stats:
# Load=0/32=0%, Rehash=0, Collisions=0/6=0%
#  commands to execute (from `Makefile', line 40):
	$(CC) -g -o $(NAME) $(BUILDOBJS) $(LIBFT) $(MLX) $(FLAGS_MAC)
	

# Not a target:
src/key_hooks.c:
#  Implicit rule search has been done.
#  Last modified 2022-03-23 20:20:45
#  File has been updated.
#  Successfully updated.
# variable set hash-table stats:
# Load=0/32=0%, Rehash=0, Collisions=0/0=0%

# Not a target:
.SUFFIXES:
#  Implicit rule search has not been done.
#  Modification time never checked.
#  File has not been updated.

# Not a target:
Makefile:
#  Implicit rule search has been done.
#  Last modified 2022-03-23 20:20:45
#  File has been updated.
#  Successfully updated.
# variable set hash-table stats:
# Load=0/32=0%, Rehash=0, Collisions=0/0=0%

build/:
#  Implicit rule search has not been done.
#  Last modified 2022-03-23 20:22:49
#  File has been updated.
#  Successfully updated.
#  commands to execute (from `Makefile', line 32):
	mkdir -p $(BUILDDIR)
	

# Not a target:
src/move.c:
#  Implicit rule search has been done.
#  Last modified 2022-03-23 20:20:45
#  File has been updated.
#  Successfully updated.
# variable set hash-table stats:
# Load=0/32=0%, Rehash=0, Collisions=0/0=0%

libft/libft.a:
#  Implicit rule search has not been done.
#  Last modified 2022-03-23 20:22:48
#  File has been updated.
#  Successfully updated.
#  commands to execute (from `Makefile', line 44):
	make -C $(LIBDIR)
	

# Not a target:
build/parse_read_file.o:
#  Implicit rule search has not been done.
#  Modification time never checked.
#  File has not been updated.

# Not a target:
src/parse_check.c:
#  Implicit rule search has been done.
#  Last modified 2022-03-23 20:20:45
#  File has been updated.
#  Successfully updated.
# variable set hash-table stats:
# Load=0/32=0%, Rehash=0, Collisions=0/0=0%

# Not a target:
src/get_next_line.c:
#  Implicit rule search has been done.
#  Last modified 2022-03-23 20:20:45
#  File has been updated.
#  Successfully updated.
# variable set hash-table stats:
# Load=0/32=0%, Rehash=0, Collisions=0/0=0%

fclean: clean
#  Phony target (prerequisite of .PHONY).
#  Implicit rule search has not been done.
#  File does not exist.
#  File has not been updated.
#  commands to execute (from `Makefile', line 53):
	rm -rf $(NAME)
	rm -rf $(BUILDDIR)
	make -C $(LIBDIR) fclean
	

# Not a target:
build/texture.o:
#  Implicit rule search has not been done.
#  Modification time never checked.
#  File has not been updated.

build/init.o: src/init.c
#  Implicit rule search has been done.
#  Implicit/static pattern stem: `init'
#  Last modified 2022-03-23 20:22:48
#  File has been updated.
#  Successfully updated.
# variable set hash-table stats:
# Load=0/32=0%, Rehash=0, Collisions=0/0=0%
#  commands to execute (from `Makefile', line 36):
	$(CC) -I$(LIBINC) -I$(INC) $(CFLAGS) -g -o $@ -c $<
	

# Not a target:
src/main.c:
#  Implicit rule search has been done.
#  Last modified 2022-03-23 20:20:45
#  File has been updated.
#  Successfully updated.
# variable set hash-table stats:
# Load=0/32=0%, Rehash=0, Collisions=0/0=0%

# Not a target:
src/error.c:
#  Implicit rule search has been done.
#  Last modified 2022-03-23 20:20:45
#  File has been updated.
#  Successfully updated.
# variable set hash-table stats:
# Load=0/32=0%, Rehash=0, Collisions=0/0=0%

# Not a target:
.DEFAULT:
#  Implicit rule search has not been done.
#  Modification time never checked.
#  File has not been updated.

# Not a target:
build/parse_init.o:
#  Implicit rule search has not been done.
#  Modification time never checked.
#  File has not been updated.

re: fclean all
#  Phony target (prerequisite of .PHONY).
#  Implicit rule search has not been done.
#  File does not exist.
#  File has not been updated.

build/parse_color.o: src/parse_color.c
#  Implicit rule search has been done.
#  Implicit/static pattern stem: `parse_color'
#  File does not exist.
#  File has been updated.
#  Needs to be updated (-q is set).
# automatic
# @ := build/parse_color.o
# automatic
# % := 
# automatic
# * := parse_color
# automatic
# + := src/parse_color.c
# automatic
# | := 
# automatic
# < := src/parse_color.c
# automatic
# ^ := src/parse_color.c
# automatic
# ? := src/parse_color.c
# variable set hash-table stats:
# Load=8/32=25%, Rehash=0, Collisions=1/16=6%
#  commands to execute (from `Makefile', line 36):
	$(CC) -I$(LIBINC) -I$(INC) $(CFLAGS) -g -o $@ -c $<
	

# Not a target:
build/utils.o:
#  Implicit rule search has not been done.
#  Modification time never checked.
#  File has not been updated.

clean:
#  Phony target (prerequisite of .PHONY).
#  Implicit rule search has not been done.
#  File does not exist.
#  File has not been updated.
#  commands to execute (from `Makefile', line 48):
	rm -rf $(SRCDIR)$(OBJ)
	make -C $(LIBDIR) clean
	

build/key_hooks.o: src/key_hooks.c
#  Implicit rule search has been done.
#  Implicit/static pattern stem: `key_hooks'
#  Last modified 2022-03-23 20:22:48
#  File has been updated.
#  Successfully updated.
# variable set hash-table stats:
# Load=0/32=0%, Rehash=0, Collisions=0/0=0%
#  commands to execute (from `Makefile', line 36):
	$(CC) -I$(LIBINC) -I$(INC) $(CFLAGS) -g -o $@ -c $<
	

# Not a target:
build/parse_create_map.o:
#  Implicit rule search has not been done.
#  Modification time never checked.
#  File has not been updated.

# Not a target:
build/parse_data.o:
#  Implicit rule search has not been done.
#  Modification time never checked.
#  File has not been updated.

# Not a target:
src/init.c:
#  Implicit rule search has been done.
#  Last modified 2022-03-23 20:20:45
#  File has been updated.
#  Successfully updated.
# variable set hash-table stats:
# Load=0/32=0%, Rehash=0, Collisions=0/0=0%

# Not a target:
build/raycaster.o:
#  Implicit rule search has not been done.
#  Modification time never checked.
#  File has not been updated.

build/move.o: src/move.c
#  Implicit rule search has been done.
#  Implicit/static pattern stem: `move'
#  Last modified 2022-03-23 20:22:49
#  File has been updated.
#  Successfully updated.
# variable set hash-table stats:
# Load=0/32=0%, Rehash=0, Collisions=0/0=0%
#  commands to execute (from `Makefile', line 36):
	$(CC) -I$(LIBINC) -I$(INC) $(CFLAGS) -g -o $@ -c $<
	

# files hash-table stats:
# Load=35/1024=3%, Rehash=0, Collisions=2/98=2%
# VPATH Search Paths

# No `vpath' search paths.

# No general (`VPATH' variable) search path.

# # of strings in strcache: 1
# # of strcache buffers: 1
 
# strcache size: total = 4096 / max = 4096 / min = 4096 / avg = 4096
# strcache free: total = 4087 / max = 4087 / min = 4087 / avg = 4087

# Finished Make data base on Wed Mar 23 20:23:07 2022

 
